2024-08-13T11:13:54.937Z - error
 - Failed parsing config path2024-08-13T11:13:54.962Z - error
 - Failed parsing config path2024-08-13T11:13:54.964Z - Start Extension 0.4.28 activated for "pipex"
 - 2024-08-13T11:13:54.971Z - Project is not compatible with extension
 - 2024-08-13T11:13:54.971Z - 'node_modules' is not installed
 - 2024-08-13T11:13:54.972Z - Start Dependencies creation
 - 2024-08-13T11:13:54.975Z - Initializing user
 - 2024-08-13T11:13:54.980Z - Watching file system.
 - 2024-08-13T11:13:54.981Z - Starting IPC server
 - 2024-08-13T11:13:54.981Z - IPC server started
 - 2024-08-13T11:13:54.981Z - Start Init Coverage Provider
 - 2024-08-13T11:13:54.982Z - End Init Coverage Provider
 - 2024-08-13T11:13:54.982Z - End Dependencies creation
 - 2024-08-13T11:13:55.015Z - Start Panel Provider creation/registration
 - 2024-08-13T11:13:55.019Z - End Panel Provider creation/registration
 - 2024-08-13T11:13:55.020Z - Start Dependencies bootstrapping
 - 2024-08-13T11:13:55.020Z - Auth state changed
 - 2024-08-13T11:13:55.020Z - No user data found on auth state change
 - 2024-08-13T11:13:55.035Z - error
 - Failed parsing config path2024-08-13T11:13:55.037Z - User data is absent
 - 2024-08-13T11:13:55.039Z - error
 - Failed parsing config path2024-08-13T11:13:55.041Z - End Dependencies bootstrapping
 - 2024-08-13T11:13:55.056Z - End Extension activated
 - 